[debug] [2023-05-23T11:34:19.930Z] ----------------------------------------------------------------------
[debug] [2023-05-23T11:34:19.933Z] Command:       C:\Program Files\nodejs\node.exe C:\Users\SURYA\AppData\Roaming\npm\node_modules\firebase-tools\lib\bin\firebase.js init
[debug] [2023-05-23T11:34:19.933Z] CLI Version:   12.1.0
[debug] [2023-05-23T11:34:19.934Z] Platform:      win32
[debug] [2023-05-23T11:34:19.934Z] Node Version:  v18.16.0
[debug] [2023-05-23T11:34:19.936Z] Time:          Tue May 23 2023 17:04:19 GMT+0530 (India Standard Time)
[debug] [2023-05-23T11:34:19.936Z] ----------------------------------------------------------------------
[debug] 
[debug] [2023-05-23T11:34:19.944Z] > command requires scopes: ["email","openid","https://www.googleapis.com/auth/cloudplatformprojects.readonly","https://www.googleapis.com/auth/firebase","https://www.googleapis.com/auth/cloud-platform"]
[debug] [2023-05-23T11:34:19.944Z] > authorizing via signed-in user (suryaarmy231@gmail.com)
[info] 
     ######## #### ########  ######## ########     ###     ######  ########
     ##        ##  ##     ## ##       ##     ##  ##   ##  ##       ##
     ######    ##  ########  ######   ########  #########  ######  ######
     ##        ##  ##    ##  ##       ##     ## ##     ##       ## ##
     ##       #### ##     ## ######## ########  ##     ##  ######  ########

You're about to initialize a Firebase project in this directory:

  D:\New folder\clone\clone

[info] 
=== Project Setup
[info] 
[info] First, let's associate this project directory with a Firebase project.
[info] You can create multiple project aliases by running firebase use --add, 
[info] but for now we'll just set up a default project.
[info] 
[debug] [2023-05-23T11:34:58.166Z] >>> [apiv2][query] GET https://firebase.googleapis.com/v1beta1/projects pageSize=100
[debug] [2023-05-23T11:34:59.153Z] <<< [apiv2][status] GET https://firebase.googleapis.com/v1beta1/projects 200
[debug] [2023-05-23T11:34:59.154Z] <<< [apiv2][body] GET https://firebase.googleapis.com/v1beta1/projects [omitted]
